<?xml version="1.0" encoding="UTF-8"?>
<!-- Generated by org.testng.reporters.JUnitXMLReporter -->
<testsuite ignored="0" hostname="LAPTOP-2LR20BM8" failures="1" tests="1" name="Test" time="10.359" errors="0" timestamp="25 Jun 2023 11:24:11 GMT">
  <testcase classname="com.qa.testscripts.OredrAndReparationPageTest" name="filterDetails" time="6.12">
    <failure type="org.openqa.selenium.ElementClickInterceptedException" message="element click intercepted: Element &amp;lt;select name=&amp;quot;has_warranty&amp;quot; class=&amp;quot;form-control select2-hidden-accessible select input-xs&amp;quot; style=&amp;quot;width:100% !important&amp;quot; tabindex=&amp;quot;-1&amp;quot; aria-hidden=&amp;quot;true&amp;quot;&amp;gt;...&amp;lt;/select&amp;gt; is not clickable at point (874, 219). Other element would receive the click: &amp;lt;span class=&amp;quot;select2-selection select2-selection--single&amp;quot; role=&amp;quot;combobox&amp;quot; aria-haspopup=&amp;quot;true&amp;quot; aria-expanded=&amp;quot;false&amp;quot; tabindex=&amp;quot;0&amp;quot; aria-labelledby=&amp;quot;select2-has_warranty-ss-container&amp;quot;&amp;gt;...&amp;lt;/span&amp;gt;
  (Session info: chrome=114.0.5735.134)
Build info: version: &amp;apos;4.4.0&amp;apos;, revision: &amp;apos;e5c75ed026a&amp;apos;
System info: host: &amp;apos;LAPTOP-2LR20BM8&amp;apos;, ip: &amp;apos;192.168.1.38&amp;apos;, os.name: &amp;apos;Windows 11&amp;apos;, os.arch: &amp;apos;amd64&amp;apos;, os.version: &amp;apos;10.0&amp;apos;, java.version: &amp;apos;11.0.17&amp;apos;
Driver info: org.openqa.selenium.chrome.ChromeDriver
Command: [70ab66c8d9b79fcf634527633898f834, clickElement {id=BD2E696917BF2148494C3974AB5CC00F_element_95}]
Capabilities {acceptInsecureCerts: false, browserName: chrome, browserVersion: 114.0.5735.134, chrome: {chromedriverVersion: 114.0.5735.90 (386bc09e8f4f..., userDataDir: C:\Users\nanda\AppData\Loca...}, goog:chromeOptions: {debuggerAddress: localhost:51016}, networkConnectionEnabled: false, pageLoadStrategy: normal, platformName: WINDOWS, proxy: Proxy(), se:cdp: ws://localhost:51016/devtoo..., se:cdpVersion: 114.0.5735.134, setWindowRect: true, strictFileInteractability: false, timeouts: {implicit: 0, pageLoad: 300000, script: 30000}, unhandledPromptBehavior: dismiss and notify, webauthn:extension:credBlob: true, webauthn:extension:largeBlob: true, webauthn:extension:minPinLength: true, webauthn:extension:prf: true, webauthn:virtualAuthenticators: true}
Element: [[ChromeDriver: chrome on WINDOWS (70ab66c8d9b79fcf634527633898f834)] -&amp;gt; xpath: (//select[@name=&amp;apos;has_warranty&amp;apos;])[1]]
Session ID: 70ab66c8d9b79fcf634527633898f834">
      <![CDATA[org.openqa.selenium.ElementClickInterceptedException: element click intercepted: Element <select name="has_warranty" class="form-control select2-hidden-accessible select input-xs" style="width:100% !important" tabindex="-1" aria-hidden="true">...</select> is not clickable at point (874, 219). Other element would receive the click: <span class="select2-selection select2-selection--single" role="combobox" aria-haspopup="true" aria-expanded="false" tabindex="0" aria-labelledby="select2-has_warranty-ss-container">...</span>
  (Session info: chrome=114.0.5735.134)
Build info: version: '4.4.0', revision: 'e5c75ed026a'
System info: host: 'LAPTOP-2LR20BM8', ip: '192.168.1.38', os.name: 'Windows 11', os.arch: 'amd64', os.version: '10.0', java.version: '11.0.17'
Driver info: org.openqa.selenium.chrome.ChromeDriver
Command: [70ab66c8d9b79fcf634527633898f834, clickElement {id=BD2E696917BF2148494C3974AB5CC00F_element_95}]
Capabilities {acceptInsecureCerts: false, browserName: chrome, browserVersion: 114.0.5735.134, chrome: {chromedriverVersion: 114.0.5735.90 (386bc09e8f4f..., userDataDir: C:\Users\nanda\AppData\Loca...}, goog:chromeOptions: {debuggerAddress: localhost:51016}, networkConnectionEnabled: false, pageLoadStrategy: normal, platformName: WINDOWS, proxy: Proxy(), se:cdp: ws://localhost:51016/devtoo..., se:cdpVersion: 114.0.5735.134, setWindowRect: true, strictFileInteractability: false, timeouts: {implicit: 0, pageLoad: 300000, script: 30000}, unhandledPromptBehavior: dismiss and notify, webauthn:extension:credBlob: true, webauthn:extension:largeBlob: true, webauthn:extension:minPinLength: true, webauthn:extension:prf: true, webauthn:virtualAuthenticators: true}
Element: [[ChromeDriver: chrome on WINDOWS (70ab66c8d9b79fcf634527633898f834)] -> xpath: (//select[@name='has_warranty'])[1]]
Session ID: 70ab66c8d9b79fcf634527633898f834
at org.openqa.selenium.remote.codec.w3c.W3CHttpResponseCodec.createException(W3CHttpResponseCodec.java:200)
at org.openqa.selenium.remote.codec.w3c.W3CHttpResponseCodec.decode(W3CHttpResponseCodec.java:133)
at org.openqa.selenium.remote.codec.w3c.W3CHttpResponseCodec.decode(W3CHttpResponseCodec.java:53)
at org.openqa.selenium.remote.HttpCommandExecutor.execute(HttpCommandExecutor.java:184)
at org.openqa.selenium.remote.service.DriverCommandExecutor.invokeExecute(DriverCommandExecutor.java:167)
at org.openqa.selenium.remote.service.DriverCommandExecutor.execute(DriverCommandExecutor.java:142)
at org.openqa.selenium.remote.RemoteWebDriver.execute(RemoteWebDriver.java:547)
at org.openqa.selenium.remote.RemoteWebElement.execute(RemoteWebElement.java:257)
at org.openqa.selenium.remote.RemoteWebElement.click(RemoteWebElement.java:78)
at org.openqa.selenium.support.pagefactory.internal.LocatingElementHandler.invoke(LocatingElementHandler.java:52)
at com.sun.proxy.$Proxy21.click(Unknown Source)
at com.qa.utilities.PageUtility.clickOnElement(PageUtility.java:14)
at com.qa.pages.OredrAndReparationPage.selectHasWarranty(OredrAndReparationPage.java:64)
at com.qa.testscripts.OredrAndReparationPageTest.filterDetails(OredrAndReparationPageTest.java:36)
... Removed 33 stack frames]]>
    </failure>
  </testcase> <!-- filterDetails -->
</testsuite> <!-- Test -->
